-------------------------------------------------------------------------------
Test set: com.syy.usercenterbackend.service.UserServiceTest
-------------------------------------------------------------------------------
Tests run: 2, Failures: 0, Errors: 2, Skipped: 0, Time elapsed: 8.509 s <<< FAILURE! - in com.syy.usercenterbackend.service.UserServiceTest
testAddUser  Time elapsed: 5.29 s  <<< ERROR!
org.springframework.jdbc.UncategorizedSQLException: 

### Error updating database.  Cause: java.sql.SQLException: No database selected
### The error may exist in com/syy/usercenterbackend/mapper/UserMapper.java (best guess)
### The error may involve com.syy.usercenterbackend.mapper.UserMapper.insert-Inline
### The error occurred while setting parameters
### SQL: INSERT INTO user  ( username, account, avatarUrl, gender, password, phone, email )  VALUES  ( ?, ?, ?, ?, ?, ?, ? )
### Cause: java.sql.SQLException: No database selected
; uncategorized SQLException; SQL state [3D000]; error code [1046]; No database selected; nested exception is java.sql.SQLException: No database selected
	at com.syy.usercenterbackend.service.UserServiceTest.testAddUser(UserServiceTest.java:36)
Caused by: java.sql.SQLException: No database selected
	at com.syy.usercenterbackend.service.UserServiceTest.testAddUser(UserServiceTest.java:36)

userRegister  Time elapsed: 0.391 s  <<< ERROR!
org.springframework.jdbc.UncategorizedSQLException: 

### Error querying database.  Cause: java.sql.SQLException: No database selected
### The error may exist in com/syy/usercenterbackend/mapper/UserMapper.java (best guess)
### The error may involve defaultParameterMap
### The error occurred while setting parameters
### SQL: SELECT COUNT( * ) FROM user   WHERE  isDeleted=0  AND (account = ?)
### Cause: java.sql.SQLException: No database selected
; uncategorized SQLException; SQL state [3D000]; error code [1046]; No database selected; nested exception is java.sql.SQLException: No database selected
	at com.syy.usercenterbackend.service.UserServiceTest.userRegister(UserServiceTest.java:47)
Caused by: java.sql.SQLException: No database selected
	at com.syy.usercenterbackend.service.UserServiceTest.userRegister(UserServiceTest.java:47)

