<?xml version="1.0" encoding="UTF-8"?>
<testsuite xmlns:xsi="http://www.w3.org/2001/XMLSchema-instance" xsi:noNamespaceSchemaLocation="https://maven.apache.org/surefire/maven-surefire-plugin/xsd/surefire-test-report.xsd" name="com.syy.usercenterbackend.service.UserServiceTest" time="8.509" tests="2" errors="2" skipped="0" failures="0">
  <properties>
[...]
</properties>
  <testcase name="testAddUser" classname="com.syy.usercenterbackend.service.UserServiceTest" time="5.29">
    <error message="&#10;### Error updating database.  Cause: java.sql.SQLException: No database selected&#10;### The error may exist in com/syy/usercenterbackend/mapper/UserMapper.java (best guess)&#10;### The error may involve com.syy.usercenterbackend.mapper.UserMapper.insert-Inline&#10;### The error occurred while setting parameters&#10;### SQL: INSERT INTO user  ( username, account, avatarUrl, gender, password, phone, email )  VALUES  ( ?, ?, ?, ?, ?, ?, ? )&#10;### Cause: java.sql.SQLException: No database selected&#10;; uncategorized SQLException; SQL state [3D000]; error code [1046]; No database selected; nested exception is java.sql.SQLException: No database selected" type="org.springframework.jdbc.UncategorizedSQLException">org.springframework.jdbc.UncategorizedSQLException: 

### Error updating database.  Cause: java.sql.SQLException: No database selected
### The error may exist in com/syy/usercenterbackend/mapper/UserMapper.java (best guess)
### The error may involve com.syy.usercenterbackend.mapper.UserMapper.insert-Inline
### The error occurred while setting parameters
### SQL: INSERT INTO user  ( username, account, avatarUrl, gender, password, phone, email )  VALUES  ( ?, ?, ?, ?, ?, ?, ? )
### Cause: java.sql.SQLException: No database selected
; uncategorized SQLException; SQL state [3D000]; error code [1046]; No database selected; nested exception is java.sql.SQLException: No database selected
	at com.syy.usercenterbackend.service.UserServiceTest.testAddUser(UserServiceTest.java:36)
Caused by: java.sql.SQLException: No database selected
	at com.syy.usercenterbackend.service.UserServiceTest.testAddUser(UserServiceTest.java:36)
</error>
    <system-out><![CDATA[15:40:34.099 [main] DEBUG org.springframework.test.context.BootstrapUtils - Instantiating CacheAwareContextLoaderDelegate from class [org.springframework.test.context.cache.DefaultCacheAwareContextLoaderDelegate]
15:40:34.106 [main] DEBUG org.springframework.test.context.BootstrapUtils - Instantiating BootstrapContext using constructor [public org.springframework.test.context.support.DefaultBootstrapContext(java.lang.Class,org.springframework.test.context.CacheAwareContextLoaderDelegate)]
15:40:34.130 [main] DEBUG org.springframework.test.context.BootstrapUtils - Instantiating TestContextBootstrapper for test class [com.syy.usercenterbackend.service.UserServiceTest] from class [org.springframework.boot.test.context.SpringBootTestContextBootstrapper]
15:40:34.140 [main] INFO org.springframework.boot.test.context.SpringBootTestContextBootstrapper - Neither @ContextConfiguration nor @ContextHierarchy found for test class [com.syy.usercenterbackend.service.UserServiceTest], using SpringBootContextLoader
15:40:34.144 [main] DEBUG org.springframework.test.context.support.AbstractContextLoader - Did not detect default resource location for test class [com.syy.usercenterbackend.service.UserServiceTest]: class path resource [com/syy/usercenterbackend/service/UserServiceTest-context.xml] does not exist
15:40:34.145 [main] DEBUG org.springframework.test.context.support.AbstractContextLoader - Did not detect default resource location for test class [com.syy.usercenterbackend.service.UserServiceTest]: class path resource [com/syy/usercenterbackend/service/UserServiceTestContext.groovy] does not exist
15:40:34.145 [main] INFO org.springframework.test.context.support.AbstractContextLoader - Could not detect default resource locations for test class [com.syy.usercenterbackend.service.UserServiceTest]: no resource found for suffixes {-context.xml, Context.groovy}.
15:40:34.145 [main] INFO org.springframework.test.context.support.AnnotationConfigContextLoaderUtils - Could not detect default configuration classes for test class [com.syy.usercenterbackend.service.UserServiceTest]: UserServiceTest does not declare any static, non-private, non-final, nested classes annotated with @Configuration.
15:40:34.183 [main] DEBUG org.springframework.test.context.support.ActiveProfilesUtils - Could not find an 'annotation declaring class' for annotation type [org.springframework.test.context.ActiveProfiles] and class [com.syy.usercenterbackend.service.UserServiceTest]
15:40:34.245 [main] DEBUG org.springframework.context.annotation.ClassPathScanningCandidateComponentProvider - Identified candidate component class: file [D:\Computer Science\Java\Java Projects\User-Center-Backend\target\classes\com\syy\usercenterbackend\UserCenterBackendApplication.class]
15:40:34.246 [main] INFO org.springframework.boot.test.context.SpringBootTestContextBootstrapper - Found @SpringBootConfiguration com.syy.usercenterbackend.UserCenterBackendApplication for test class com.syy.usercenterbackend.service.UserServiceTest
15:40:34.335 [main] DEBUG org.springframework.boot.test.context.SpringBootTestContextBootstrapper - @TestExecutionListeners is not present for class [com.syy.usercenterbackend.service.UserServiceTest]: using defaults.
15:40:34.335 [main] INFO org.springframework.boot.test.context.SpringBootTestContextBootstrapper - Loaded default TestExecutionListener class names from location [META-INF/spring.factories]: [org.springframework.boot.test.mock.mockito.MockitoTestExecutionListener, org.springframework.boot.test.mock.mockito.ResetMocksTestExecutionListener, org.springframework.boot.test.autoconfigure.restdocs.RestDocsTestExecutionListener, org.springframework.boot.test.autoconfigure.web.client.MockRestServiceServerResetTestExecutionListener, org.springframework.boot.test.autoconfigure.web.servlet.MockMvcPrintOnlyOnFailureTestExecutionListener, org.springframework.boot.test.autoconfigure.web.servlet.WebDriverTestExecutionListener, org.springframework.boot.test.autoconfigure.webservices.client.MockWebServiceServerTestExecutionListener, org.springframework.test.context.web.ServletTestExecutionListener, org.springframework.test.context.support.DirtiesContextBeforeModesTestExecutionListener, org.springframework.test.context.event.ApplicationEventsTestExecutionListener, org.springframework.test.context.support.DependencyInjectionTestExecutionListener, org.springframework.test.context.support.DirtiesContextTestExecutionListener, org.springframework.test.context.transaction.TransactionalTestExecutionListener, org.springframework.test.context.jdbc.SqlScriptsTestExecutionListener, org.springframework.test.context.event.EventPublishingTestExecutionListener]
15:40:34.352 [main] INFO org.springframework.boot.test.context.SpringBootTestContextBootstrapper - Using TestExecutionListeners: [org.springframework.test.context.web.ServletTestExecutionListener@59402b8f, org.springframework.test.context.support.DirtiesContextBeforeModesTestExecutionListener@7188af83, org.springframework.test.context.event.ApplicationEventsTestExecutionListener@6be968ce, org.springframework.boot.test.mock.mockito.MockitoTestExecutionListener@7c37508a, org.springframework.boot.test.autoconfigure.SpringBootDependencyInjectionTestExecutionListener@247310d0, org.springframework.test.context.support.DirtiesContextTestExecutionListener@1033576a, org.springframework.test.context.transaction.TransactionalTestExecutionListener@303cf2ba, org.springframework.test.context.jdbc.SqlScriptsTestExecutionListener@76494737, org.springframework.test.context.event.EventPublishingTestExecutionListener@4a003cbe, org.springframework.boot.test.mock.mockito.ResetMocksTestExecutionListener@4082ba93, org.springframework.boot.test.autoconfigure.restdocs.RestDocsTestExecutionListener@17fc391b, org.springframework.boot.test.autoconfigure.web.client.MockRestServiceServerResetTestExecutionListener@2b30a42c, org.springframework.boot.test.autoconfigure.web.servlet.MockMvcPrintOnlyOnFailureTestExecutionListener@609e8838, org.springframework.boot.test.autoconfigure.web.servlet.WebDriverTestExecutionListener@359df09a, org.springframework.boot.test.autoconfigure.webservices.client.MockWebServiceServerTestExecutionListener@43df23d3]
15:40:34.355 [main] DEBUG org.springframework.test.context.support.AbstractDirtiesContextTestExecutionListener - Before test class: context [DefaultTestContext@7fd50002 testClass = UserServiceTest, testInstance = [null], testMethod = [null], testException = [null], mergedContextConfiguration = [WebMergedContextConfiguration@533bda92 testClass = UserServiceTest, locations = '{}', classes = '{class com.syy.usercenterbackend.UserCenterBackendApplication}', contextInitializerClasses = '[]', activeProfiles = '{}', propertySourceLocations = '{}', propertySourceProperties = '{org.springframework.boot.test.context.SpringBootTestContextBootstrapper=true}', contextCustomizers = set[org.springframework.boot.test.context.filter.ExcludeFilterContextCustomizer@4a94ee4, org.springframework.boot.test.json.DuplicateJsonObjectContextCustomizerFactory$DuplicateJsonObjectContextCustomizer@9f116cc, org.springframework.boot.test.mock.mockito.MockitoContextCustomizer@0, org.springframework.boot.test.web.client.TestRestTemplateContextCustomizer@1189dd52, org.springframework.boot.test.autoconfigure.actuate.metrics.MetricsExportContextCustomizerFactory$DisableMetricExportContextCustomizer@223d2c72, org.springframework.boot.test.autoconfigure.properties.PropertyMappingContextCustomizer@0, org.springframework.boot.test.autoconfigure.web.servlet.WebDriverContextCustomizerFactory$Customizer@2f9f7dcf, org.springframework.boot.test.context.SpringBootTestArgs@1, org.springframework.boot.test.context.SpringBootTestWebEnvironment@4cc0edeb], resourceBasePath = 'src/main/webapp', contextLoader = 'org.springframework.boot.test.context.SpringBootContextLoader', parent = [null]], attributes = map['org.springframework.test.context.web.ServletTestExecutionListener.activateListener' -> true]], class annotated with @DirtiesContext [false] with mode [null].
15:40:34.402 [main] INFO org.springframework.boot.devtools.restart.RestartApplicationListener - Restart disabled due to context in which it is running

  .   ____          _            __ _ _
 /\\ / ___'_ __ _ _(_)_ __  __ _ \ \ \ \
( ( )\___ | '_ | '_| | '_ \/ _` | \ \ \ \
 \\/  ___)| |_)| | | | | || (_| |  ) ) ) )
  '  |____| .__|_| |_|_| |_\__, | / / / /
 =========|_|==============|___/=/_/_/_/
 :: Spring Boot ::               (v2.7.17)

2024-01-08 15:40:34.642  INFO 36408 --- [           main] c.s.u.service.UserServiceTest            : Starting UserServiceTest using Java 1.8.0_202 on LAPTOP-JROVV3T3 with PID 36408 (started by Song in D:\Computer Science\Java\Java Projects\User-Center-Backend)
2024-01-08 15:40:34.643  INFO 36408 --- [           main] c.s.u.service.UserServiceTest            : No active profile set, falling back to 1 default profile: "default"
 _ _   |_  _ _|_. ___ _ |    _ 
| | |\/|_)(_| | |_\  |_)||_|_\ 
     /               |         
                        3.5.1 
2024-01-08 15:40:36.855  INFO 36408 --- [           main] c.s.u.service.UserServiceTest            : Started UserServiceTest in 2.464 seconds (JVM running for 6.141)
2024-01-08 15:40:37.122  INFO 36408 --- [           main] com.zaxxer.hikari.HikariDataSource       : HikariPool-1 - Starting...
2024-01-08 15:40:37.126  WARN 36408 --- [           main] com.zaxxer.hikari.util.DriverDataSource  : Registered driver with driverClassName=com.mysql.jdbc.Driver was not found, trying direct instantiation.
2024-01-08 15:40:40.983  INFO 36408 --- [           main] com.zaxxer.hikari.HikariDataSource       : HikariPool-1 - Start completed.
]]></system-out>
    <system-err><![CDATA[Loading class `com.mysql.jdbc.Driver'. This is deprecated. The new driver class is `com.mysql.cj.jdbc.Driver'. The driver is automatically registered via the SPI and manual loading of the driver class is generally unnecessary.
]]></system-err>
  </testcase>
  <testcase name="userRegister" classname="com.syy.usercenterbackend.service.UserServiceTest" time="0.391">
    <error message="&#10;### Error querying database.  Cause: java.sql.SQLException: No database selected&#10;### The error may exist in com/syy/usercenterbackend/mapper/UserMapper.java (best guess)&#10;### The error may involve defaultParameterMap&#10;### The error occurred while setting parameters&#10;### SQL: SELECT COUNT( * ) FROM user   WHERE  isDeleted=0  AND (account = ?)&#10;### Cause: java.sql.SQLException: No database selected&#10;; uncategorized SQLException; SQL state [3D000]; error code [1046]; No database selected; nested exception is java.sql.SQLException: No database selected" type="org.springframework.jdbc.UncategorizedSQLException">org.springframework.jdbc.UncategorizedSQLException: 

### Error querying database.  Cause: java.sql.SQLException: No database selected
### The error may exist in com/syy/usercenterbackend/mapper/UserMapper.java (best guess)
### The error may involve defaultParameterMap
### The error occurred while setting parameters
### SQL: SELECT COUNT( * ) FROM user   WHERE  isDeleted=0  AND (account = ?)
### Cause: java.sql.SQLException: No database selected
; uncategorized SQLException; SQL state [3D000]; error code [1046]; No database selected; nested exception is java.sql.SQLException: No database selected
	at com.syy.usercenterbackend.service.UserServiceTest.userRegister(UserServiceTest.java:47)
Caused by: java.sql.SQLException: No database selected
	at com.syy.usercenterbackend.service.UserServiceTest.userRegister(UserServiceTest.java:47)
</error>
  </testcase>
</testsuite>